<?xml version="1.0" encoding="UTF-8"?>
<!-- Generated by org.testng.reporters.JUnitXMLReporter -->
<testsuite ignored="3" hostname="DESKTOP-HA1VNFE" failures="0" tests="6" name="Surefire test" time="0.127" errors="0" timestamp="2024-09-29T09:33:47 IST">
  <testcase classname="base.WebDriverFactory" name="@BeforeClass beforeMethod" time="-1.727582627715E9">
    <failure type="org.testng.TestNGException" message="
Parameter &amp;apos;browser&amp;apos; is required by BeforeClass on method beforeMethod but has not been marked @Optional or defined
">
      <![CDATA[org.testng.TestNGException: 
Parameter 'browser' is required by BeforeClass on method beforeMethod but has not been marked @Optional or defined

at java.base/java.util.ArrayList.forEach(ArrayList.java:1511)
... Removed 27 stack frames]]>
    </failure>
  </testcase> <!-- @BeforeClass beforeMethod -->
  <testcase classname="entrata_tests.CheckBrokenLinkOfPageTest" name="@BeforeClass loginAsBuyer" time="0.0">
    <skipped/>
  </testcase> <!-- @BeforeClass loginAsBuyer -->
  <testcase classname="base.WebDriverFactory" name="@AfterClass afterMethod" time="0.001">
    <failure type="java.lang.NullPointerException" message="Cannot invoke &amp;quot;org.openqa.selenium.WebDriver.quit()&amp;quot; because the return value of &amp;quot;base.WebDriverFactory.getWebDriver()&amp;quot; is null">
      <![CDATA[java.lang.NullPointerException: Cannot invoke "org.openqa.selenium.WebDriver.quit()" because the return value of "base.WebDriverFactory.getWebDriver()" is null
at base.WebDriverFactory.afterMethod(WebDriverFactory.java:69)
at java.base/java.util.ArrayList.forEach(ArrayList.java:1511)
... Removed 31 stack frames]]>
    </failure>
  </testcase> <!-- @AfterClass afterMethod -->
  <testcase classname="base.WebDriverFactory" name="@BeforeClass beforeMethod" time="-1.727582627773E9">
    <failure type="org.testng.TestNGException" message="
Parameter &amp;apos;browser&amp;apos; is required by BeforeClass on method beforeMethod but has not been marked @Optional or defined
">
      <![CDATA[org.testng.TestNGException: 
Parameter 'browser' is required by BeforeClass on method beforeMethod but has not been marked @Optional or defined

at java.base/java.util.ArrayList.forEach(ArrayList.java:1511)
... Removed 27 stack frames]]>
    </failure>
  </testcase> <!-- @BeforeClass beforeMethod -->
  <testcase classname="entrata_tests.DownloadReportTest" name="@BeforeClass loginAsBuyer" time="0.0">
    <skipped/>
  </testcase> <!-- @BeforeClass loginAsBuyer -->
  <testcase classname="base.WebDriverFactory" name="@AfterClass afterMethod" time="0.001">
    <failure type="java.lang.NullPointerException" message="Cannot invoke &amp;quot;org.openqa.selenium.WebDriver.quit()&amp;quot; because the return value of &amp;quot;base.WebDriverFactory.getWebDriver()&amp;quot; is null">
      <![CDATA[java.lang.NullPointerException: Cannot invoke "org.openqa.selenium.WebDriver.quit()" because the return value of "base.WebDriverFactory.getWebDriver()" is null
at base.WebDriverFactory.afterMethod(WebDriverFactory.java:69)
at java.base/java.util.ArrayList.forEach(ArrayList.java:1511)
... Removed 31 stack frames]]>
    </failure>
  </testcase> <!-- @AfterClass afterMethod -->
  <testcase classname="base.WebDriverFactory" name="@BeforeClass beforeMethod" time="-1.72758262778E9">
    <failure type="org.testng.TestNGException" message="
Parameter &amp;apos;browser&amp;apos; is required by BeforeClass on method beforeMethod but has not been marked @Optional or defined
">
      <![CDATA[org.testng.TestNGException: 
Parameter 'browser' is required by BeforeClass on method beforeMethod but has not been marked @Optional or defined

at java.base/java.util.ArrayList.forEach(ArrayList.java:1511)
... Removed 27 stack frames]]>
    </failure>
  </testcase> <!-- @BeforeClass beforeMethod -->
  <testcase classname="entrata_tests.HomePageTest" name="@BeforeClass loginAsBuyer" time="0.0">
    <skipped/>
  </testcase> <!-- @BeforeClass loginAsBuyer -->
  <testcase classname="base.WebDriverFactory" name="@AfterClass afterMethod" time="0.001">
    <failure type="java.lang.NullPointerException" message="Cannot invoke &amp;quot;org.openqa.selenium.WebDriver.quit()&amp;quot; because the return value of &amp;quot;base.WebDriverFactory.getWebDriver()&amp;quot; is null">
      <![CDATA[java.lang.NullPointerException: Cannot invoke "org.openqa.selenium.WebDriver.quit()" because the return value of "base.WebDriverFactory.getWebDriver()" is null
at base.WebDriverFactory.afterMethod(WebDriverFactory.java:69)
at java.base/java.util.ArrayList.forEach(ArrayList.java:1511)
... Removed 31 stack frames]]>
    </failure>
  </testcase> <!-- @AfterClass afterMethod -->
  <testcase classname="base.WebDriverFactory" name="@BeforeClass beforeMethod" time="-1.727582627786E9">
    <failure type="org.testng.TestNGException" message="
Parameter &amp;apos;browser&amp;apos; is required by BeforeClass on method beforeMethod but has not been marked @Optional or defined
">
      <![CDATA[org.testng.TestNGException: 
Parameter 'browser' is required by BeforeClass on method beforeMethod but has not been marked @Optional or defined

at java.base/java.util.ArrayList.forEach(ArrayList.java:1511)
... Removed 27 stack frames]]>
    </failure>
  </testcase> <!-- @BeforeClass beforeMethod -->
  <testcase classname="entrata_tests.LoginTest" name="@BeforeClass loginAsBuyer" time="0.0">
    <skipped/>
  </testcase> <!-- @BeforeClass loginAsBuyer -->
  <testcase classname="base.WebDriverFactory" name="@AfterClass afterMethod" time="0.002">
    <failure type="java.lang.NullPointerException" message="Cannot invoke &amp;quot;org.openqa.selenium.WebDriver.quit()&amp;quot; because the return value of &amp;quot;base.WebDriverFactory.getWebDriver()&amp;quot; is null">
      <![CDATA[java.lang.NullPointerException: Cannot invoke "org.openqa.selenium.WebDriver.quit()" because the return value of "base.WebDriverFactory.getWebDriver()" is null
at base.WebDriverFactory.afterMethod(WebDriverFactory.java:69)
at java.base/java.util.ArrayList.forEach(ArrayList.java:1511)
... Removed 31 stack frames]]>
    </failure>
  </testcase> <!-- @AfterClass afterMethod -->
  <testcase classname="entrata_tests.CheckBrokenLinkOfPageTest" name="verifyBrokenLinkFromPage" time="0.0">
    <skipped/>
  </testcase> <!-- verifyBrokenLinkFromPage -->
  <testcase classname="entrata_tests.DownloadReportTest" name="verifyDownloadReport" time="0.0">
    <skipped/>
  </testcase> <!-- verifyDownloadReport -->
  <testcase classname="entrata_tests.DownloadReportTest" name="verifyDownloadReportInvalidData" time="0.001">
    <skipped/>
  </testcase> <!-- verifyDownloadReportInvalidData -->
  <testcase classname="entrata_tests.HomePageTest" name="verifyHomePageNavigations" time="0.001">
    <skipped/>
  </testcase> <!-- verifyHomePageNavigations -->
  <testcase classname="entrata_tests.LoginTest" name="verifyDownloadReport" time="0.0">
    <skipped/>
  </testcase> <!-- verifyDownloadReport -->
  <testcase classname="entrata_tests.LoginTest" name="verifyDownloadReportInvalidData" time="0.0">
    <skipped/>
  </testcase> <!-- verifyDownloadReportInvalidData -->
  <testcase classname="base.WebDriverFactory" name="@BeforeSuite setupConfig" time="0.0">
    <ignored/>
  </testcase> <!-- @BeforeSuite setupConfig -->
  <testcase classname="base.WebDriverFactory" name="@BeforeSuite setupConfig" time="0.0">
    <ignored/>
  </testcase> <!-- @BeforeSuite setupConfig -->
  <testcase classname="base.WebDriverFactory" name="@BeforeSuite setupConfig" time="0.0">
    <ignored/>
  </testcase> <!-- @BeforeSuite setupConfig -->
</testsuite> <!-- Surefire test -->
