<!DOCTYPE html PUBLIC "-//W3C//DTD XHTML 1.1//EN" "https://www.w3.org/TR/xhtml11/DTD/xhtml11.dtd">
<html xmlns="https://www.w3.org/1999/xhtml">
<head>
<meta http-equiv="content-type" content="text/html; charset=UTF-8"/>
<title>TestNG Report</title>
<style type="text/css">table {margin-bottom:10px;border-collapse:collapse;empty-cells:show}th,td {border:1px solid #009;padding:.25em .5em}th {vertical-align:bottom}td {vertical-align:top}table a {font-weight:bold}.stripe td {background-color: #E6EBF9}.num {text-align:right}.passedodd td {background-color: #3F3}.passedeven td {background-color: #0A0}.skippedodd td {background-color: #DDD}.skippedeven td {background-color: #CCC}.failedodd td,.attn {background-color: #F33}.failedeven td,.stripe .attn {background-color: #D00}.stacktrace {white-space:pre;font-family:monospace}.totop {font-size:85%;text-align:center;border-bottom:2px solid #000}.invisible {display:none}</style>
</head>
<body>
<table>
<tr><th>Test</th><th># Passed</th><th># Skipped</th><th># Retried</th><th># Failed</th><th>Time (ms)</th><th>Included Groups</th><th>Excluded Groups</th></tr>
<tr><th colspan="8">Surefire suite</th></tr>
<tr><td><a href="#t0">Surefire test</a></td><td class="num">0</td><td class="num attn">6</td><td class="num">0</td><td class="num">0</td><td class="num">127</td><td></td><td></td></tr>
</table>
<table id='summary'><thead><tr><th>Class</th><th>Method</th><th>Start</th><th>Time (ms)</th></tr></thead><tbody><tr><th colspan="4">Surefire suite</th></tr></tbody><tbody id="t0"><tr><th colspan="4">Surefire test &#8212; failed (configuration methods)</th></tr><tr class="failedeven"><td rowspan="2">entrata_tests.CheckBrokenLinkOfPageTest</td><td><a href="#m0">afterMethod</a></td><td rowspan="1">1727582627768</td><td rowspan="1">1</td></tr><tr class="failedeven"><td><a href="#m1">beforeMethod</a></td><td rowspan="1">1727582627715</td><td rowspan="1">-1727582627715</td></tr><tr class="failedodd"><td rowspan="2">entrata_tests.DownloadReportTest</td><td><a href="#m2">afterMethod</a></td><td rowspan="1">1727582627778</td><td rowspan="1">1</td></tr><tr class="failedodd"><td><a href="#m3">beforeMethod</a></td><td rowspan="1">1727582627773</td><td rowspan="1">-1727582627773</td></tr><tr class="failedeven"><td rowspan="2">entrata_tests.HomePageTest</td><td><a href="#m4">afterMethod</a></td><td rowspan="1">1727582627783</td><td rowspan="1">1</td></tr><tr class="failedeven"><td><a href="#m5">beforeMethod</a></td><td rowspan="1">1727582627780</td><td rowspan="1">-1727582627780</td></tr><tr class="failedodd"><td rowspan="2">entrata_tests.LoginTest</td><td><a href="#m6">afterMethod</a></td><td rowspan="1">1727582627792</td><td rowspan="1">2</td></tr><tr class="failedodd"><td><a href="#m7">beforeMethod</a></td><td rowspan="1">1727582627786</td><td rowspan="1">-1727582627786</td></tr><tr><th colspan="4">Surefire test &#8212; skipped (configuration methods)</th></tr><tr class="skippedeven"><td rowspan="1">entrata_tests.CheckBrokenLinkOfPageTest</td><td><a href="#m8">loginAsBuyer</a></td><td rowspan="1">1727582627735</td><td rowspan="1">0</td></tr><tr class="skippedodd"><td rowspan="1">entrata_tests.DownloadReportTest</td><td><a href="#m9">loginAsBuyer</a></td><td rowspan="1">1727582627775</td><td rowspan="1">0</td></tr><tr class="skippedeven"><td rowspan="1">entrata_tests.HomePageTest</td><td><a href="#m10">loginAsBuyer</a></td><td rowspan="1">1727582627781</td><td rowspan="1">0</td></tr><tr class="skippedodd"><td rowspan="1">entrata_tests.LoginTest</td><td><a href="#m11">loginAsBuyer</a></td><td rowspan="1">1727582627787</td><td rowspan="1">0</td></tr><tr><th colspan="4">Surefire test &#8212; skipped</th></tr><tr class="skippedeven"><td rowspan="1">entrata_tests.CheckBrokenLinkOfPageTest</td><td><a href="#m12">verifyBrokenLinkFromPage</a></td><td rowspan="1">1727582627764</td><td rowspan="1">0</td></tr><tr class="skippedodd"><td rowspan="2">entrata_tests.DownloadReportTest</td><td><a href="#m13">verifyDownloadReport</a></td><td rowspan="1">1727582627776</td><td rowspan="1">0</td></tr><tr class="skippedodd"><td><a href="#m14">verifyDownloadReportInvalidData</a></td><td rowspan="1">1727582627777</td><td rowspan="1">1</td></tr><tr class="skippedeven"><td rowspan="1">entrata_tests.HomePageTest</td><td><a href="#m15">verifyHomePageNavigations</a></td><td rowspan="1">1727582627782</td><td rowspan="1">1</td></tr><tr class="skippedodd"><td rowspan="2">entrata_tests.LoginTest</td><td><a href="#m16">verifyDownloadReport</a></td><td rowspan="1">1727582627789</td><td rowspan="1">0</td></tr><tr class="skippedodd"><td><a href="#m17">verifyDownloadReportInvalidData</a></td><td rowspan="1">1727582627791</td><td rowspan="1">0</td></tr></tbody>
</table>
<h2>Surefire test</h2><h3 id="m0">entrata_tests.CheckBrokenLinkOfPageTest#afterMethod</h3><table class="result"><tr><th>Exception</th></tr><tr><td><div class="stacktrace">java.lang.NullPointerException: Cannot invoke &quot;org.openqa.selenium.WebDriver.quit()&quot; because the return value of &quot;base.WebDriverFactory.getWebDriver()&quot; is null
	at base.WebDriverFactory.afterMethod(WebDriverFactory.java:69)
	at java.base/java.util.ArrayList.forEach(ArrayList.java:1511)
... Removed 31 stack frames</div></td></tr></table><p class="totop"><a href="#summary">back to summary</a></p>
<h3 id="m1">entrata_tests.CheckBrokenLinkOfPageTest#beforeMethod</h3><table class="result"><tr><th>Exception</th></tr><tr><td><div class="stacktrace">org.testng.TestNGException: 
Parameter &apos;browser&apos; is required by BeforeClass on method beforeMethod but has not been marked @Optional or defined

	at java.base/java.util.ArrayList.forEach(ArrayList.java:1511)
... Removed 27 stack frames</div></td></tr></table><p class="totop"><a href="#summary">back to summary</a></p>
<h3 id="m2">entrata_tests.DownloadReportTest#afterMethod</h3><table class="result"><tr><th>Exception</th></tr><tr><td><div class="stacktrace">java.lang.NullPointerException: Cannot invoke &quot;org.openqa.selenium.WebDriver.quit()&quot; because the return value of &quot;base.WebDriverFactory.getWebDriver()&quot; is null
	at base.WebDriverFactory.afterMethod(WebDriverFactory.java:69)
	at java.base/java.util.ArrayList.forEach(ArrayList.java:1511)
... Removed 31 stack frames</div></td></tr></table><p class="totop"><a href="#summary">back to summary</a></p>
<h3 id="m3">entrata_tests.DownloadReportTest#beforeMethod</h3><table class="result"><tr><th>Exception</th></tr><tr><td><div class="stacktrace">org.testng.TestNGException: 
Parameter &apos;browser&apos; is required by BeforeClass on method beforeMethod but has not been marked @Optional or defined

	at java.base/java.util.ArrayList.forEach(ArrayList.java:1511)
... Removed 27 stack frames</div></td></tr></table><p class="totop"><a href="#summary">back to summary</a></p>
<h3 id="m4">entrata_tests.HomePageTest#afterMethod</h3><table class="result"><tr><th>Exception</th></tr><tr><td><div class="stacktrace">java.lang.NullPointerException: Cannot invoke &quot;org.openqa.selenium.WebDriver.quit()&quot; because the return value of &quot;base.WebDriverFactory.getWebDriver()&quot; is null
	at base.WebDriverFactory.afterMethod(WebDriverFactory.java:69)
	at java.base/java.util.ArrayList.forEach(ArrayList.java:1511)
... Removed 31 stack frames</div></td></tr></table><p class="totop"><a href="#summary">back to summary</a></p>
<h3 id="m5">entrata_tests.HomePageTest#beforeMethod</h3><table class="result"><tr><th>Exception</th></tr><tr><td><div class="stacktrace">org.testng.TestNGException: 
Parameter &apos;browser&apos; is required by BeforeClass on method beforeMethod but has not been marked @Optional or defined

	at java.base/java.util.ArrayList.forEach(ArrayList.java:1511)
... Removed 27 stack frames</div></td></tr></table><p class="totop"><a href="#summary">back to summary</a></p>
<h3 id="m6">entrata_tests.LoginTest#afterMethod</h3><table class="result"><tr><th>Exception</th></tr><tr><td><div class="stacktrace">java.lang.NullPointerException: Cannot invoke &quot;org.openqa.selenium.WebDriver.quit()&quot; because the return value of &quot;base.WebDriverFactory.getWebDriver()&quot; is null
	at base.WebDriverFactory.afterMethod(WebDriverFactory.java:69)
	at java.base/java.util.ArrayList.forEach(ArrayList.java:1511)
... Removed 31 stack frames</div></td></tr></table><p class="totop"><a href="#summary">back to summary</a></p>
<h3 id="m7">entrata_tests.LoginTest#beforeMethod</h3><table class="result"><tr><th>Exception</th></tr><tr><td><div class="stacktrace">org.testng.TestNGException: 
Parameter &apos;browser&apos; is required by BeforeClass on method beforeMethod but has not been marked @Optional or defined

	at java.base/java.util.ArrayList.forEach(ArrayList.java:1511)
... Removed 27 stack frames</div></td></tr></table><p class="totop"><a href="#summary">back to summary</a></p>
<h3 id="m8">entrata_tests.CheckBrokenLinkOfPageTest#loginAsBuyer</h3><table class="result"><tr><th class="invisible"/></tr></table><p class="totop"><a href="#summary">back to summary</a></p>
<h3 id="m9">entrata_tests.DownloadReportTest#loginAsBuyer</h3><table class="result"><tr><th class="invisible"/></tr></table><p class="totop"><a href="#summary">back to summary</a></p>
<h3 id="m10">entrata_tests.HomePageTest#loginAsBuyer</h3><table class="result"><tr><th class="invisible"/></tr></table><p class="totop"><a href="#summary">back to summary</a></p>
<h3 id="m11">entrata_tests.LoginTest#loginAsBuyer</h3><table class="result"><tr><th class="invisible"/></tr></table><p class="totop"><a href="#summary">back to summary</a></p>
<h3 id="m12">entrata_tests.CheckBrokenLinkOfPageTest#verifyBrokenLinkFromPage</h3><table class="result"><tr><th>Exception</th></tr><tr><td><div class="stacktrace">org.testng.TestNGException: 
Parameter &apos;browser&apos; is required by BeforeClass on method beforeMethod but has not been marked @Optional or defined

	at java.base/java.util.ArrayList.forEach(ArrayList.java:1511)
... Removed 27 stack frames</div></td></tr></table><p class="totop"><a href="#summary">back to summary</a></p>
<h3 id="m13">entrata_tests.DownloadReportTest#verifyDownloadReport</h3><table class="result"><tr><th>Exception</th></tr><tr><td><div class="stacktrace">org.testng.TestNGException: 
Parameter &apos;browser&apos; is required by BeforeClass on method beforeMethod but has not been marked @Optional or defined

	at java.base/java.util.ArrayList.forEach(ArrayList.java:1511)
... Removed 27 stack frames</div></td></tr></table><p class="totop"><a href="#summary">back to summary</a></p>
<h3 id="m14">entrata_tests.DownloadReportTest#verifyDownloadReportInvalidData</h3><table class="result"><tr><th>Exception</th></tr><tr><td><div class="stacktrace">org.testng.TestNGException: 
Parameter &apos;browser&apos; is required by BeforeClass on method beforeMethod but has not been marked @Optional or defined

	at java.base/java.util.ArrayList.forEach(ArrayList.java:1511)
... Removed 27 stack frames</div></td></tr></table><p class="totop"><a href="#summary">back to summary</a></p>
<h3 id="m15">entrata_tests.HomePageTest#verifyHomePageNavigations</h3><table class="result"><tr><th>Exception</th></tr><tr><td><div class="stacktrace">org.testng.TestNGException: 
Parameter &apos;browser&apos; is required by BeforeClass on method beforeMethod but has not been marked @Optional or defined

	at java.base/java.util.ArrayList.forEach(ArrayList.java:1511)
... Removed 27 stack frames</div></td></tr></table><p class="totop"><a href="#summary">back to summary</a></p>
<h3 id="m16">entrata_tests.LoginTest#verifyDownloadReport</h3><table class="result"><tr><th>Exception</th></tr><tr><td><div class="stacktrace">org.testng.TestNGException: 
Parameter &apos;browser&apos; is required by BeforeClass on method beforeMethod but has not been marked @Optional or defined

	at java.base/java.util.ArrayList.forEach(ArrayList.java:1511)
... Removed 27 stack frames</div></td></tr></table><p class="totop"><a href="#summary">back to summary</a></p>
<h3 id="m17">entrata_tests.LoginTest#verifyDownloadReportInvalidData</h3><table class="result"><tr><th>Exception</th></tr><tr><td><div class="stacktrace">org.testng.TestNGException: 
Parameter &apos;browser&apos; is required by BeforeClass on method beforeMethod but has not been marked @Optional or defined

	at java.base/java.util.ArrayList.forEach(ArrayList.java:1511)
... Removed 27 stack frames</div></td></tr></table><p class="totop"><a href="#summary">back to summary</a></p>
</body>
</html>
